2014/11/27 9:29:30 にビルドを開始しました。
     1>ノード 2 上のプロジェクト "C:\Users\vantan\Desktop\ゲームジャム20141125\ChallengeBasic9\ChallengeBasic.vcxproj" (Build ターゲット)。
     1>ClCompile:
         C:\Program Files (x86)\Microsoft Visual Studio 12.0\VC\bin\CL.exe /c /Zi /nologo /W3 /WX- /O2 /Oi /Oy- /GL /D WIN32 /D NDEBUG /D _WINDOWS /D PRODUCT_NAME=ChallengeBasic /Gm- /EHsc /MD /GS /Gy /fp:precise /Zc:wchar_t /Zc:forScope /Fo"Release\\" /Fd"Release\vc120.pdb" /Gd /TP /analyze- /errorReport:prompt src\gameapplication\scene\stage\Stage.cpp
         Stage.cpp
     1>src\gameapplication\scene\stage\Stage.cpp(75): warning C4305: '=' : 'double' から 'float' へ切り詰めます。
     1>src\gameapplication\scene\stage\Stage.cpp(113): warning C4305: '引数' : 'double' から 'const float' へ切り詰めます。
     1>src\gameapplication\scene\stage\Stage.cpp(117): warning C4305: '-=' : 'double' から 'float' へ切り詰めます。
     1>src\gameapplication\scene\stage\Stage.cpp(124): warning C4305: '=' : 'double' から 'float' へ切り詰めます。
     1>src\gameapplication\scene\stage\Stage.cpp(134): warning C4305: '+=' : 'double' から 'float' へ切り詰めます。
     1>src\gameapplication\scene\stage\Stage.cpp(304): warning C4305: '-=' : 'double' から 'float' へ切り詰めます。
       Link:
         C:\Program Files (x86)\Microsoft Visual Studio 12.0\VC\bin\link.exe /ERRORREPORT:PROMPT /OUT:"C:\Users\vantan\Desktop\ゲームジャム20141125\ChallengeBasic9\ChallengeBasic.exe" /INCREMENTAL:NO /NOLOGO kernel32.lib user32.lib gdi32.lib winspool.lib comdlg32.lib advapi32.lib shell32.lib ole32.lib oleaut32.lib uuid.lib odbc32.lib odbccp32.lib /MANIFEST /MANIFESTUAC:"level='asInvoker' uiAccess='false'" /manifest:embed /DEBUG /PDB:"C:\Users\vantan\Desktop\ゲームジャム20141125\ChallengeBasic9\ChallengeBasic.pdb" /SUBSYSTEM:WINDOWS /OPT:REF /OPT:ICF /LTCG /TLBID:1 /ENTRY:"mainCRTStartup" /DYNAMICBASE /NXCOMPAT /IMPLIB:"C:\Users\vantan\Desktop\ゲームジャム20141125\ChallengeBasic9\ChallengeBasic.lib" /MACHINE:X86 /SAFESEH Release\Camera.obj
         Release\GameApplication.obj
         Release\Enemy.obj
         Release\Girl.obj
         Release\Men.obj
         Release\Player.obj
         Release\ObjectInfoManager.obj
         Release\Heart.obj
         Release\PoisonHeart.obj
         Release\ItemManager.obj
         Release\MenManager.obj
         Release\Resource.obj
         Release\Menu.obj
         Release\Ranking.obj
         Release\Result.obj
         Release\Rule.obj
         Release\SceneFactory.obj
         Release\SceneManager.obj
         Release\Stage.obj
         Release\Title.obj
         Release\Collision.obj
         Release\CRandom.obj
         Release\Font.obj
         Release\FontList.obj
         Release\Math.obj
         Release\appEnv.obj
         Release\audio.obj
         Release\camera2D.obj
         Release\fileUtil.obj
         Release\glExt.obj
         Release\glfwWindow.obj
         Release\glTexture.obj
         Release\graph.obj
         Release\matrix.obj
         Release\os_win.obj
         Release\png.obj
         Release\random.obj
         Release\texture.obj
         Release\utils.obj
         Release\wav.obj
         Release\main.obj
         コード生成しています。
         コード生成が終了しました。
         ChallengeBasic.vcxproj -> C:\Users\vantan\Desktop\ゲームジャム20141125\ChallengeBasic9\ChallengeBasic.exe
     1>プロジェクト "C:\Users\vantan\Desktop\ゲームジャム20141125\ChallengeBasic9\ChallengeBasic.vcxproj" (Build ターゲット) のビルドが完了しました。

ビルドに成功しました。

経過時間 00:00:24.86
